  test.cpp
D:\code\testprogram\Project1\test.cpp(114,22): warning C4018: “>”: 有符号/无符号不匹配
D:\code\testprogram\Project1\test.cpp(139,35): warning C4244: “参数”: 从“double”转换到“int”，可能丢失数据
D:\code\testprogram\Project1\test.cpp(139,18): warning C4244: “参数”: 从“double”转换到“int”，可能丢失数据
D:\code\testprogram\Project1\test.cpp(140,35): warning C4244: “参数”: 从“double”转换到“int”，可能丢失数据
D:\code\testprogram\Project1\test.cpp(140,18): warning C4244: “参数”: 从“double”转换到“int”，可能丢失数据
D:\code\testprogram\Project1\test.cpp(165,53): warning C4244: “参数”: 从“double”转换到“int”，可能丢失数据
D:\code\testprogram\Project1\test.cpp(165,28): warning C4244: “参数”: 从“double”转换到“int”，可能丢失数据
D:\code\testprogram\Project1\test.cpp(166,53): warning C4244: “参数”: 从“double”转换到“int”，可能丢失数据
D:\code\testprogram\Project1\test.cpp(166,28): warning C4244: “参数”: 从“double”转换到“int”，可能丢失数据
D:\code\testprogram\Project1\test.cpp(246,53): warning C4244: “参数”: 从“double”转换到“int”，可能丢失数据
D:\code\testprogram\Project1\test.cpp(246,29): warning C4244: “参数”: 从“double”转换到“int”，可能丢失数据
D:\code\testprogram\Project1\test.cpp(247,53): warning C4244: “参数”: 从“double”转换到“int”，可能丢失数据
D:\code\testprogram\Project1\test.cpp(247,29): warning C4244: “参数”: 从“double”转换到“int”，可能丢失数据
D:\code\testprogram\Project1\test.cpp(250,53): warning C4244: “参数”: 从“double”转换到“int”，可能丢失数据
D:\code\testprogram\Project1\test.cpp(250,29): warning C4244: “参数”: 从“double”转换到“int”，可能丢失数据
D:\code\testprogram\Project1\test.cpp(251,53): warning C4244: “参数”: 从“double”转换到“int”，可能丢失数据
D:\code\testprogram\Project1\test.cpp(251,29): warning C4244: “参数”: 从“double”转换到“int”，可能丢失数据
D:\code\testprogram\Project1\test.cpp(254,53): warning C4244: “参数”: 从“double”转换到“int”，可能丢失数据
D:\code\testprogram\Project1\test.cpp(254,29): warning C4244: “参数”: 从“double”转换到“int”，可能丢失数据
D:\code\testprogram\Project1\test.cpp(255,53): warning C4244: “参数”: 从“double”转换到“int”，可能丢失数据
D:\code\testprogram\Project1\test.cpp(255,29): warning C4244: “参数”: 从“double”转换到“int”，可能丢失数据
D:\code\testprogram\Project1\test.cpp(258,53): warning C4244: “参数”: 从“double”转换到“int”，可能丢失数据
D:\code\testprogram\Project1\test.cpp(258,29): warning C4244: “参数”: 从“double”转换到“int”，可能丢失数据
D:\code\testprogram\Project1\test.cpp(259,53): warning C4244: “参数”: 从“double”转换到“int”，可能丢失数据
D:\code\testprogram\Project1\test.cpp(259,29): warning C4244: “参数”: 从“double”转换到“int”，可能丢失数据
D:\code\testprogram\Project1\test.cpp(262,53): warning C4244: “参数”: 从“double”转换到“int”，可能丢失数据
D:\code\testprogram\Project1\test.cpp(262,29): warning C4244: “参数”: 从“double”转换到“int”，可能丢失数据
D:\code\testprogram\Project1\test.cpp(263,53): warning C4244: “参数”: 从“double”转换到“int”，可能丢失数据
D:\code\testprogram\Project1\test.cpp(263,29): warning C4244: “参数”: 从“double”转换到“int”，可能丢失数据
D:\code\testprogram\Project1\test.cpp(284,53): warning C4244: “参数”: 从“double”转换到“int”，可能丢失数据
D:\code\testprogram\Project1\test.cpp(284,29): warning C4244: “参数”: 从“double”转换到“int”，可能丢失数据
D:\code\testprogram\Project1\test.cpp(285,53): warning C4244: “参数”: 从“double”转换到“int”，可能丢失数据
D:\code\testprogram\Project1\test.cpp(285,29): warning C4244: “参数”: 从“double”转换到“int”，可能丢失数据
D:\code\testprogram\Project1\test.cpp(289,53): warning C4244: “参数”: 从“double”转换到“int”，可能丢失数据
D:\code\testprogram\Project1\test.cpp(289,29): warning C4244: “参数”: 从“double”转换到“int”，可能丢失数据
D:\code\testprogram\Project1\test.cpp(290,53): warning C4244: “参数”: 从“double”转换到“int”，可能丢失数据
D:\code\testprogram\Project1\test.cpp(290,29): warning C4244: “参数”: 从“double”转换到“int”，可能丢失数据
D:\code\testprogram\Project1\test.cpp(294,53): warning C4244: “参数”: 从“double”转换到“int”，可能丢失数据
D:\code\testprogram\Project1\test.cpp(294,29): warning C4244: “参数”: 从“double”转换到“int”，可能丢失数据
D:\code\testprogram\Project1\test.cpp(295,53): warning C4244: “参数”: 从“double”转换到“int”，可能丢失数据
D:\code\testprogram\Project1\test.cpp(295,29): warning C4244: “参数”: 从“double”转换到“int”，可能丢失数据
D:\code\testprogram\Project1\test.cpp(299,53): warning C4244: “参数”: 从“double”转换到“int”，可能丢失数据
D:\code\testprogram\Project1\test.cpp(299,29): warning C4244: “参数”: 从“double”转换到“int”，可能丢失数据
D:\code\testprogram\Project1\test.cpp(300,53): warning C4244: “参数”: 从“double”转换到“int”，可能丢失数据
D:\code\testprogram\Project1\test.cpp(300,29): warning C4244: “参数”: 从“double”转换到“int”，可能丢失数据
D:\code\testprogram\Project1\test.cpp(304,53): warning C4244: “参数”: 从“double”转换到“int”，可能丢失数据
D:\code\testprogram\Project1\test.cpp(304,29): warning C4244: “参数”: 从“double”转换到“int”，可能丢失数据
D:\code\testprogram\Project1\test.cpp(305,53): warning C4244: “参数”: 从“double”转换到“int”，可能丢失数据
D:\code\testprogram\Project1\test.cpp(305,29): warning C4244: “参数”: 从“double”转换到“int”，可能丢失数据
D:\code\testprogram\Project1\test.cpp(324,53): warning C4244: “参数”: 从“double”转换到“int”，可能丢失数据
D:\code\testprogram\Project1\test.cpp(324,29): warning C4244: “参数”: 从“double”转换到“int”，可能丢失数据
D:\code\testprogram\Project1\test.cpp(325,53): warning C4244: “参数”: 从“double”转换到“int”，可能丢失数据
D:\code\testprogram\Project1\test.cpp(325,29): warning C4244: “参数”: 从“double”转换到“int”，可能丢失数据
D:\code\testprogram\Project1\test.cpp(329,53): warning C4244: “参数”: 从“double”转换到“int”，可能丢失数据
D:\code\testprogram\Project1\test.cpp(329,29): warning C4244: “参数”: 从“double”转换到“int”，可能丢失数据
D:\code\testprogram\Project1\test.cpp(330,53): warning C4244: “参数”: 从“double”转换到“int”，可能丢失数据
D:\code\testprogram\Project1\test.cpp(330,29): warning C4244: “参数”: 从“double”转换到“int”，可能丢失数据
D:\code\testprogram\Project1\test.cpp(334,53): warning C4244: “参数”: 从“double”转换到“int”，可能丢失数据
D:\code\testprogram\Project1\test.cpp(334,29): warning C4244: “参数”: 从“double”转换到“int”，可能丢失数据
D:\code\testprogram\Project1\test.cpp(335,53): warning C4244: “参数”: 从“double”转换到“int”，可能丢失数据
D:\code\testprogram\Project1\test.cpp(335,29): warning C4244: “参数”: 从“double”转换到“int”，可能丢失数据
D:\code\testprogram\Project1\test.cpp(339,53): warning C4244: “参数”: 从“double”转换到“int”，可能丢失数据
D:\code\testprogram\Project1\test.cpp(339,29): warning C4244: “参数”: 从“double”转换到“int”，可能丢失数据
D:\code\testprogram\Project1\test.cpp(340,53): warning C4244: “参数”: 从“double”转换到“int”，可能丢失数据
D:\code\testprogram\Project1\test.cpp(340,29): warning C4244: “参数”: 从“double”转换到“int”，可能丢失数据
D:\code\testprogram\Project1\test.cpp(344,53): warning C4244: “参数”: 从“double”转换到“int”，可能丢失数据
D:\code\testprogram\Project1\test.cpp(344,29): warning C4244: “参数”: 从“double”转换到“int”，可能丢失数据
D:\code\testprogram\Project1\test.cpp(345,53): warning C4244: “参数”: 从“double”转换到“int”，可能丢失数据
D:\code\testprogram\Project1\test.cpp(345,29): warning C4244: “参数”: 从“double”转换到“int”，可能丢失数据
D:\code\testprogram\Project1\test.cpp(349,53): warning C4244: “参数”: 从“double”转换到“int”，可能丢失数据
D:\code\testprogram\Project1\test.cpp(349,29): warning C4244: “参数”: 从“double”转换到“int”，可能丢失数据
D:\code\testprogram\Project1\test.cpp(350,53): warning C4244: “参数”: 从“double”转换到“int”，可能丢失数据
D:\code\testprogram\Project1\test.cpp(350,29): warning C4244: “参数”: 从“double”转换到“int”，可能丢失数据
D:\code\testprogram\Project1\test.cpp(354,53): warning C4244: “参数”: 从“double”转换到“int”，可能丢失数据
D:\code\testprogram\Project1\test.cpp(354,29): warning C4244: “参数”: 从“double”转换到“int”，可能丢失数据
D:\code\testprogram\Project1\test.cpp(355,53): warning C4244: “参数”: 从“double”转换到“int”，可能丢失数据
D:\code\testprogram\Project1\test.cpp(355,29): warning C4244: “参数”: 从“double”转换到“int”，可能丢失数据
D:\code\testprogram\Project1\test.cpp(482,42): warning C4244: “参数”: 从“const double”转换到“int”，可能丢失数据
D:\code\testprogram\Project1\test.cpp(490,13): warning C4244: “参数”: 从“const double”转换到“int”，可能丢失数据
D:\code\testprogram\Project1\test.cpp(495,13): warning C4244: “参数”: 从“const double”转换到“int”，可能丢失数据
D:\code\testprogram\Project1\test.cpp(500,13): warning C4244: “参数”: 从“const double”转换到“int”，可能丢失数据
  Project1.vcxproj -> D:\code\testprogram\Project1\x64\Debug\Project1.exe
